04 14:29 | C:/Users/aftab.jalal/PycharmProjects/documents/scripts/generate_destination_filenames.py -f 1 -s 1 -e 9 -d .
04 14:29 | results doc : .\results\Documents
04 14:29 | No pid in title_items. (not expecting to have a pid)
04 14:29 | 2_Joanne.Newman_2014-11-04 14.43.34_292.(DIRCT) Dental Health Plan with Fax and.rtf
04 14:29 | 2d | src: 292.rtf  dest:2_Joanne.Newman_2014-11-04 14.43.34_292.(DIRCT) Dental Health Plan with Fax and.rtf
04 14:29 | 2_Joanne.Newman_2014-11-04 14.54.44_293.dental king.pdf
04 14:29 | 2d | src: 293.pdf  dest:2_Joanne.Newman_2014-11-04 14.54.44_293.dental king.pdf
04 14:29 | 2_Canon.Hanly_2015-02-16 13.07.20_14727.JK SMART letter.pdf
04 14:29 | 2d | src: 14727.pdf  dest:2_Canon.Hanly_2015-02-16 13.07.20_14727.JK SMART letter.pdf
04 14:29 | 4_Peta.Wright_2014-10-29 09.43.12_113.Loren Gilbert Confirmation of Attendance.pdf
04 14:29 | 4d | src: 113.pdf  dest:4_Peta.Wright_2014-10-29 09.43.12_113.Loren Gilbert Confirmation of Attendance.pdf
04 14:29 | 4_Nathan.Etheredge_2014-11-25 17.01.23_680.Stuart Wilson Urinary Screen.pdf
04 14:29 | 4d | src: 680.pdf  dest:4_Nathan.Etheredge_2014-11-25 17.01.23_680.Stuart Wilson Urinary Screen.pdf
04 14:29 | 4_Nathan.Etheredge_2014-11-25 17.02.20_681.Loren Gilbert Urinary Screen.pdf
04 14:29 | 4d | src: 681.pdf  dest:4_Nathan.Etheredge_2014-11-25 17.02.20_681.Loren Gilbert Urinary Screen.pdf
04 14:29 | 4_Luke.O'Mahoney_2014-11-26 16.39.35_705.Loren Gilbert Client Consent Form.pdf
04 14:29 | 4d | src: 705.pdf  dest:4_Luke.O'Mahoney_2014-11-26 16.39.35_705.Loren Gilbert Client Consent Form.pdf
04 14:29 | 4_Luke.O'Mahoney_2014-12-04 17.30.02_806.Loren.pdf
04 14:29 | 4d | src: 806.pdf  dest:4_Luke.O'Mahoney_2014-12-04 17.30.02_806.Loren.pdf
04 14:29 | 4_Jane.Dowling_2014-12-23 10.36.38_14160.LOREN.med.forms.Arcadia.pdf
04 14:29 | 4d | src: 14160.pdf  dest:4_Jane.Dowling_2014-12-23 10.36.38_14160.LOREN.med.forms.Arcadia.pdf
04 14:29 | 4_Jacqui.Liggett_2015-01-09 09.04.43_14233.gilbert attendance request.pdf
04 14:29 | 4d | src: 14233.pdf  dest:4_Jacqui.Liggett_2015-01-09 09.04.43_14233.gilbert attendance request.pdf
04 14:29 | 4_Mysh.Kirkwood_2014-12-19 20.59.36_14133.Court Attendance Notice (record of of.rtf
04 14:29 | 4d | src: 14133.rtf  dest:4_Mysh.Kirkwood_2014-12-19 20.59.36_14133.Court Attendance Notice (record of of.rtf
04 14:29 | 4_Peta.Wright_2014-12-19 20.59.36_14139.transition program assessment. done i.rtf
04 14:29 | 4d | src: 14139.rtf  dest:4_Peta.Wright_2014-12-19 20.59.36_14139.transition program assessment. done i.rtf
04 14:29 | 4_Peta.Wright_2014-12-19 20.59.36_14140.Arcadia House Transition program screen.rtf
04 14:29 | 4d | src: 14140.rtf  dest:4_Peta.Wright_2014-12-19 20.59.36_14140.Arcadia House Transition program screen.rtf
04 14:29 | 5 | Missing Value for field: staff. Skipping pid..
04 14:29 | 5d | Issue(s) with IndexFile. Skipping..
04 14:29 | 6_Peta.Wright_2014-10-31 10.25.58_184.Criminal History Zoran.pdf
04 14:29 | 6d | src: 184.pdf  dest:6_Peta.Wright_2014-10-31 10.25.58_184.Criminal History Zoran.pdf
04 14:29 | 6_Peta.Wright_2014-10-31 11.35.34_185.MH history Zoran N Part 1.pdf
04 14:29 | 6d | src: 185.pdf  dest:6_Peta.Wright_2014-10-31 11.35.34_185.MH history Zoran N Part 1.pdf
04 14:29 | 7_Justine.Oldmeadow_2014-10-27 11.12.15_7.(DIRCT) Appointment Confirmation Letter.rtf
04 14:29 | 7d | src: 7.rtf  dest:7_Justine.Oldmeadow_2014-10-27 11.12.15_7.(DIRCT) Appointment Confirmation Letter.rtf
04 14:29 | 7_Mysh.Kirkwood_2016-03-18 13.43.00_22109.Court support JG.pdf
04 14:29 | 7d | src: 22109.pdf  dest:7_Mysh.Kirkwood_2016-03-18 13.43.00_22109.Court support JG.pdf
04 14:29 | 7_Tim.Ireson_2016-04-14 15.55.09_22914.J GEIKIE Consent.pdf
04 14:29 | 7d | src: 22914.pdf  dest:7_Tim.Ireson_2016-04-14 15.55.09_22914.J GEIKIE Consent.pdf
04 14:29 | 7_Elizabeth.Saunders_2016-04-18 14.27.39_22965.ConsentJG.pdf
04 14:29 | 7d | src: 22965.pdf  dest:7_Elizabeth.Saunders_2016-04-18 14.27.39_22965.ConsentJG.pdf
04 14:29 | 7_Tiarne.Styles_2017-05-30 14.20.16_32776.7.GEIKE.Correctionsconsent.300517.pdf
04 14:29 | 7d | src: 32776.pdf  dest:7_Tiarne.Styles_2017-05-30 14.20.16_32776.7.GEIKE.Correctionsconsent.300517.pdf
04 14:29 | 8_Canon.Hanly_2014-11-17 15.52.54_554.Consent to share and obtain information.rtf
04 14:29 | 8d | src: 554.rtf  dest:8_Canon.Hanly_2014-11-17 15.52.54_554.Consent to share and obtain information.rtf
04 14:29 | 8_Tim.Ireson_2014-12-18 16.47.45_977.Vizovitis CS Consent.pdf
04 14:29 | 8d | src: 977.pdf  dest:8_Tim.Ireson_2014-12-18 16.47.45_977.Vizovitis CS Consent.pdf
04 14:29 | 8_Aandrea.Clear_2014-12-19 20.59.36_14087.AANDREA CLEAR.rtf
04 14:29 | 8d | src: 14087.rtf  dest:8_Aandrea.Clear_2014-12-19 20.59.36_14087.AANDREA CLEAR.rtf
04 14:29 | 8_Jacqui.Liggett_2014-12-19 20.59.36_14099.JACQUI LIGGETT.rtf
04 14:29 | 8d | src: 14099.rtf  dest:8_Jacqui.Liggett_2014-12-19 20.59.36_14099.JACQUI LIGGETT.rtf
04 14:29 | 8_Canon.Hanly_2015-05-25 14.34.32_16170.AV SDS.pdf
04 14:29 | 8d | src: 16170.pdf  dest:8_Canon.Hanly_2015-05-25 14.34.32_16170.AV SDS.pdf
04 14:29 | 8_Canon.Hanly_2015-05-25 14.34.48_16171.AV HRC.pdf
04 14:29 | 8d | src: 16171.pdf  dest:8_Canon.Hanly_2015-05-25 14.34.48_16171.AV HRC.pdf
